<?xml version="1.0" encoding="UTF-8"?>
<testsuite name="com.jojoldu.book.springboot.domain.posts.PostsRepositoryTest" tests="2" skipped="0" failures="0" errors="0" timestamp="2021-10-11T02:41:36" hostname="gimseonghyeog-ui-MacBookPro.local" time="0.023">
  <properties/>
  <testcase name="게시글저장_불러오기" classname="com.jojoldu.book.springboot.domain.posts.PostsRepositoryTest" time="0.015"/>
  <testcase name="BaseTimeEntity_등록" classname="com.jojoldu.book.springboot.domain.posts.PostsRepositoryTest" time="0.008"/>
  <system-out><![CDATA[2021-10-11 11:41:35.009  INFO 30073 --- [    Test worker] .b.t.c.SpringBootTestContextBootstrapper : Neither @ContextConfiguration nor @ContextHierarchy found for test class [com.jojoldu.book.springboot.domain.posts.PostsRepositoryTest], using SpringBootContextLoader
2021-10-11 11:41:35.009  INFO 30073 --- [    Test worker] o.s.t.c.support.AbstractContextLoader    : Could not detect default resource locations for test class [com.jojoldu.book.springboot.domain.posts.PostsRepositoryTest]: no resource found for suffixes {-context.xml, Context.groovy}.
2021-10-11 11:41:35.009  INFO 30073 --- [    Test worker] t.c.s.AnnotationConfigContextLoaderUtils : Could not detect default configuration classes for test class [com.jojoldu.book.springboot.domain.posts.PostsRepositoryTest]: PostsRepositoryTest does not declare any static, non-private, non-final, nested classes annotated with @Configuration.
2021-10-11 11:41:35.016  INFO 30073 --- [    Test worker] .b.t.c.SpringBootTestContextBootstrapper : Found @SpringBootConfiguration com.jojoldu.book.springboot.Application for test class com.jojoldu.book.springboot.domain.posts.PostsRepositoryTest
2021-10-11 11:41:35.017  INFO 30073 --- [    Test worker] .b.t.c.SpringBootTestContextBootstrapper : Loaded default TestExecutionListener class names from location [META-INF/spring.factories]: [org.springframework.security.test.context.support.WithSecurityContextTestExecutionListener, org.springframework.security.test.context.support.ReactorContextTestExecutionListener, org.springframework.boot.test.autoconfigure.restdocs.RestDocsTestExecutionListener, org.springframework.boot.test.autoconfigure.web.client.MockRestServiceServerResetTestExecutionListener, org.springframework.boot.test.autoconfigure.web.servlet.MockMvcPrintOnlyOnFailureTestExecutionListener, org.springframework.boot.test.autoconfigure.web.servlet.WebDriverTestExecutionListener, org.springframework.boot.test.mock.mockito.MockitoTestExecutionListener, org.springframework.boot.test.mock.mockito.ResetMocksTestExecutionListener, org.springframework.test.context.web.ServletTestExecutionListener, org.springframework.test.context.support.DirtiesContextBeforeModesTestExecutionListener, org.springframework.test.context.support.DependencyInjectionTestExecutionListener, org.springframework.test.context.support.DirtiesContextTestExecutionListener, org.springframework.test.context.transaction.TransactionalTestExecutionListener, org.springframework.test.context.jdbc.SqlScriptsTestExecutionListener]
2021-10-11 11:41:35.018  INFO 30073 --- [    Test worker] .b.t.c.SpringBootTestContextBootstrapper : Using TestExecutionListeners: [org.springframework.test.context.web.ServletTestExecutionListener@79bafc80, org.springframework.test.context.support.DirtiesContextBeforeModesTestExecutionListener@46b73b4a, org.springframework.boot.test.mock.mockito.MockitoTestExecutionListener@3dd81286, org.springframework.boot.test.autoconfigure.SpringBootDependencyInjectionTestExecutionListener@34c444b9, org.springframework.test.context.support.DirtiesContextTestExecutionListener@1ab4e05d, org.springframework.test.context.transaction.TransactionalTestExecutionListener@6526e52a, org.springframework.test.context.jdbc.SqlScriptsTestExecutionListener@1817972a, org.springframework.security.test.context.support.WithSecurityContextTestExecutionListener@ee0e91d, org.springframework.security.test.context.support.ReactorContextTestExecutionListener@33eb4694, org.springframework.boot.test.autoconfigure.restdocs.RestDocsTestExecutionListener@6136fa76, org.springframework.boot.test.autoconfigure.web.client.MockRestServiceServerResetTestExecutionListener@45bc8fbd, org.springframework.boot.test.autoconfigure.web.servlet.MockMvcPrintOnlyOnFailureTestExecutionListener@4c9d3e16, org.springframework.boot.test.autoconfigure.web.servlet.WebDriverTestExecutionListener@252b0ef7, org.springframework.boot.test.mock.mockito.ResetMocksTestExecutionListener@7398a56e]

  .   ____          _            __ _ _
 /\\ / ___'_ __ _ _(_)_ __  __ _ \ \ \ \
( ( )\___ | '_ | '_| | '_ \/ _` | \ \ \ \
 \\/  ___)| |_)| | | | | || (_| |  ) ) ) )
  '  |____| .__|_| |_|_| |_\__, | / / / /
 =========|_|==============|___/=/_/_/_/
 :: Spring Boot ::        (v2.1.7.RELEASE)

2021-10-11 11:41:35.053  INFO 30073 --- [    Test worker] c.j.b.s.d.posts.PostsRepositoryTest      : Starting PostsRepositoryTest on gimseonghyeog-ui-MacBookPro.local with PID 30073 (started by sunghyuki in /Users/sunghyuki/Desktop/freelec-springboot2-webservice)
2021-10-11 11:41:35.054  INFO 30073 --- [    Test worker] c.j.b.s.d.posts.PostsRepositoryTest      : No active profile set, falling back to default profiles: default
2021-10-11 11:41:35.219  INFO 30073 --- [    Test worker] .s.d.r.c.RepositoryConfigurationDelegate : Bootstrapping Spring Data repositories in DEFAULT mode.
2021-10-11 11:41:35.230  INFO 30073 --- [    Test worker] .s.d.r.c.RepositoryConfigurationDelegate : Finished Spring Data repository scanning in 10ms. Found 2 repository interfaces.
2021-10-11 11:41:35.292  INFO 30073 --- [    Test worker] trationDelegate$BeanPostProcessorChecker : Bean 'org.springframework.transaction.annotation.ProxyTransactionManagementConfiguration' of type [org.springframework.transaction.annotation.ProxyTransactionManagementConfiguration$$EnhancerBySpringCGLIB$$6c9af633] is not eligible for getting processed by all BeanPostProcessors (for example: not eligible for auto-proxying)
2021-10-11 11:41:35.361  INFO 30073 --- [    Test worker] com.zaxxer.hikari.HikariDataSource       : HikariPool-2 - Starting...
2021-10-11 11:41:35.362  INFO 30073 --- [    Test worker] com.zaxxer.hikari.HikariDataSource       : HikariPool-2 - Start completed.
2021-10-11 11:41:35.381  INFO 30073 --- [    Test worker] o.hibernate.jpa.internal.util.LogHelper  : HHH000204: Processing PersistenceUnitInfo [
	name: default
	...]
2021-10-11 11:41:35.386  INFO 30073 --- [    Test worker] org.hibernate.dialect.Dialect            : HHH000400: Using dialect: org.hibernate.dialect.MySQL5InnoDBDialect
Hibernate: drop table if exists posts
Hibernate: drop table if exists user
Hibernate: create table posts (id bigint not null auto_increment, created_date datetime, modified_date datetime, author varchar(255), content TEXT not null, title varchar(500) not null, primary key (id)) engine=InnoDB
Hibernate: create table user (id bigint not null auto_increment, created_date datetime, modified_date datetime, email varchar(255) not null, name varchar(255) not null, picture varchar(255), role varchar(255) not null, primary key (id)) engine=InnoDB
2021-10-11 11:41:35.424  INFO 30073 --- [    Test worker] o.h.t.schema.internal.SchemaCreatorImpl  : HHH000476: Executing import script 'org.hibernate.tool.schema.internal.exec.ScriptSourceInputNonExistentImpl@56cb5b40'
2021-10-11 11:41:35.425  INFO 30073 --- [    Test worker] j.LocalContainerEntityManagerFactoryBean : Initialized JPA EntityManagerFactory for persistence unit 'default'
2021-10-11 11:41:35.591  INFO 30073 --- [    Test worker] o.h.h.i.QueryTranslatorFactoryInitiator  : HHH000397: Using ASTQueryTranslatorFactory
2021-10-11 11:41:35.765  INFO 30073 --- [    Test worker] o.s.s.web.DefaultSecurityFilterChain     : Creating filter chain: any request, [org.springframework.security.web.context.request.async.WebAsyncManagerIntegrationFilter@4998af5e, org.springframework.security.web.context.SecurityContextPersistenceFilter@190910d1, org.springframework.security.web.header.HeaderWriterFilter@32437fc6, org.springframework.security.web.authentication.logout.LogoutFilter@58bfff65, org.springframework.security.oauth2.client.web.OAuth2AuthorizationRequestRedirectFilter@62aa9318, org.springframework.security.oauth2.client.web.OAuth2LoginAuthenticationFilter@6d3d9ebd, org.springframework.security.web.authentication.ui.DefaultLoginPageGeneratingFilter@9e1e910, org.springframework.security.web.authentication.ui.DefaultLogoutPageGeneratingFilter@7cebe346, org.springframework.security.web.savedrequest.RequestCacheAwareFilter@37a84404, org.springframework.security.web.servletapi.SecurityContextHolderAwareRequestFilter@1e3cb078, org.springframework.security.web.authentication.AnonymousAuthenticationFilter@4aef8d90, org.springframework.security.web.session.SessionManagementFilter@4c8b683f, org.springframework.security.web.access.ExceptionTranslationFilter@7b4aa8bc, org.springframework.security.web.access.intercept.FilterSecurityInterceptor@6f5b53b8]
2021-10-11 11:41:35.976  INFO 30073 --- [    Test worker] o.s.s.concurrent.ThreadPoolTaskExecutor  : Initializing ExecutorService 'applicationTaskExecutor'
2021-10-11 11:41:35.987  WARN 30073 --- [    Test worker] aWebConfiguration$JpaWebMvcConfiguration : spring.jpa.open-in-view is enabled by default. Therefore, database queries may be performed during view rendering. Explicitly configure spring.jpa.open-in-view to disable this warning
2021-10-11 11:41:36.009  INFO 30073 --- [    Test worker] o.s.b.a.w.s.WelcomePageHandlerMapping    : Adding welcome page template: index
2021-10-11 11:41:36.318  INFO 30073 --- [    Test worker] s.a.ScheduledAnnotationBeanPostProcessor : No TaskScheduler/ScheduledExecutorService bean found for scheduled processing
2021-10-11 11:41:36.319  INFO 30073 --- [    Test worker] c.j.b.s.d.posts.PostsRepositoryTest      : Started PostsRepositoryTest in 1.289 seconds (JVM running for 7.308)
Hibernate: insert into posts (created_date, modified_date, author, content, title) values (?, ?, ?, ?, ?)
Hibernate: select posts0_.id as id1_0_, posts0_.created_date as created_2_0_, posts0_.modified_date as modified3_0_, posts0_.author as author4_0_, posts0_.content as content5_0_, posts0_.title as title6_0_ from posts posts0_
Hibernate: select posts0_.id as id1_0_, posts0_.created_date as created_2_0_, posts0_.modified_date as modified3_0_, posts0_.author as author4_0_, posts0_.content as content5_0_, posts0_.title as title6_0_ from posts posts0_
Hibernate: delete from posts where id=?
Hibernate: insert into posts (created_date, modified_date, author, content, title) values (?, ?, ?, ?, ?)
Hibernate: select posts0_.id as id1_0_, posts0_.created_date as created_2_0_, posts0_.modified_date as modified3_0_, posts0_.author as author4_0_, posts0_.content as content5_0_, posts0_.title as title6_0_ from posts posts0_
>>>>>>>>> createdDate=2021-10-11T11:41:36.339, modifiedDate=2021-10-11T11:41:36.339
Hibernate: select posts0_.id as id1_0_, posts0_.created_date as created_2_0_, posts0_.modified_date as modified3_0_, posts0_.author as author4_0_, posts0_.content as content5_0_, posts0_.title as title6_0_ from posts posts0_
Hibernate: delete from posts where id=?
]]></system-out>
  <system-err><![CDATA[]]></system-err>
</testsuite>
