<?xml version="1.0" encoding="UTF-8"?>
<testsuite name="com.jojoldu.book.springboot.HelloControllerTest" tests="2" skipped="0" failures="0" errors="0" timestamp="2021-10-11T02:41:36" hostname="gimseonghyeog-ui-MacBookPro.local" time="0.036">
  <properties/>
  <testcase name="hello가_리턴된다" classname="com.jojoldu.book.springboot.HelloControllerTest" time="0.011"/>
  <testcase name="helloDto가_리턴된다" classname="com.jojoldu.book.springboot.HelloControllerTest" time="0.024"/>
  <system-out><![CDATA[2021-10-11 11:41:36.349  INFO 30073 --- [    Test worker] .b.t.a.w.s.WebMvcTestContextBootstrapper : Neither @ContextConfiguration nor @ContextHierarchy found for test class [com.jojoldu.book.springboot.HelloControllerTest], using SpringBootContextLoader
2021-10-11 11:41:36.349  INFO 30073 --- [    Test worker] o.s.t.c.support.AbstractContextLoader    : Could not detect default resource locations for test class [com.jojoldu.book.springboot.HelloControllerTest]: no resource found for suffixes {-context.xml, Context.groovy}.
2021-10-11 11:41:36.349  INFO 30073 --- [    Test worker] t.c.s.AnnotationConfigContextLoaderUtils : Could not detect default configuration classes for test class [com.jojoldu.book.springboot.HelloControllerTest]: HelloControllerTest does not declare any static, non-private, non-final, nested classes annotated with @Configuration.
2021-10-11 11:41:36.369  INFO 30073 --- [    Test worker] .b.t.c.SpringBootTestContextBootstrapper : Found @SpringBootConfiguration com.jojoldu.book.springboot.Application for test class com.jojoldu.book.springboot.HelloControllerTest
2021-10-11 11:41:36.369  INFO 30073 --- [    Test worker] .b.t.a.w.s.WebMvcTestContextBootstrapper : Loaded default TestExecutionListener class names from location [META-INF/spring.factories]: [org.springframework.security.test.context.support.WithSecurityContextTestExecutionListener, org.springframework.security.test.context.support.ReactorContextTestExecutionListener, org.springframework.boot.test.autoconfigure.restdocs.RestDocsTestExecutionListener, org.springframework.boot.test.autoconfigure.web.client.MockRestServiceServerResetTestExecutionListener, org.springframework.boot.test.autoconfigure.web.servlet.MockMvcPrintOnlyOnFailureTestExecutionListener, org.springframework.boot.test.autoconfigure.web.servlet.WebDriverTestExecutionListener, org.springframework.boot.test.mock.mockito.MockitoTestExecutionListener, org.springframework.boot.test.mock.mockito.ResetMocksTestExecutionListener, org.springframework.test.context.web.ServletTestExecutionListener, org.springframework.test.context.support.DirtiesContextBeforeModesTestExecutionListener, org.springframework.test.context.support.DependencyInjectionTestExecutionListener, org.springframework.test.context.support.DirtiesContextTestExecutionListener, org.springframework.test.context.transaction.TransactionalTestExecutionListener, org.springframework.test.context.jdbc.SqlScriptsTestExecutionListener]
2021-10-11 11:41:36.370  INFO 30073 --- [    Test worker] .b.t.a.w.s.WebMvcTestContextBootstrapper : Using TestExecutionListeners: [org.springframework.test.context.web.ServletTestExecutionListener@69a41dc8, org.springframework.test.context.support.DirtiesContextBeforeModesTestExecutionListener@178b43e3, org.springframework.boot.test.mock.mockito.MockitoTestExecutionListener@447d7384, org.springframework.boot.test.autoconfigure.SpringBootDependencyInjectionTestExecutionListener@3ef28bbd, org.springframework.test.context.support.DirtiesContextTestExecutionListener@77f19bf6, org.springframework.test.context.transaction.TransactionalTestExecutionListener@3aa85ab0, org.springframework.test.context.jdbc.SqlScriptsTestExecutionListener@1566ff32, org.springframework.security.test.context.support.WithSecurityContextTestExecutionListener@3f632140, org.springframework.security.test.context.support.ReactorContextTestExecutionListener@44b62371, org.springframework.boot.test.autoconfigure.restdocs.RestDocsTestExecutionListener@3c339c8d, org.springframework.boot.test.autoconfigure.web.client.MockRestServiceServerResetTestExecutionListener@1e0e6b56, org.springframework.boot.test.autoconfigure.web.servlet.MockMvcPrintOnlyOnFailureTestExecutionListener@384130f6, org.springframework.boot.test.autoconfigure.web.servlet.WebDriverTestExecutionListener@4d992124, org.springframework.boot.test.mock.mockito.ResetMocksTestExecutionListener@6dee1bee]

  .   ____          _            __ _ _
 /\\ / ___'_ __ _ _(_)_ __  __ _ \ \ \ \
( ( )\___ | '_ | '_| | '_ \/ _` | \ \ \ \
 \\/  ___)| |_)| | | | | || (_| |  ) ) ) )
  '  |____| .__|_| |_|_| |_\__, | / / / /
 =========|_|==============|___/=/_/_/_/
 :: Spring Boot ::        (v2.1.7.RELEASE)

2021-10-11 11:41:36.389  INFO 30073 --- [    Test worker] c.j.book.springboot.HelloControllerTest  : Starting HelloControllerTest on gimseonghyeog-ui-MacBookPro.local with PID 30073 (started by sunghyuki in /Users/sunghyuki/Desktop/freelec-springboot2-webservice)
2021-10-11 11:41:36.390  INFO 30073 --- [    Test worker] c.j.book.springboot.HelloControllerTest  : No active profile set, falling back to default profiles: default
2021-10-11 11:41:36.693  INFO 30073 --- [    Test worker] o.s.s.concurrent.ThreadPoolTaskExecutor  : Initializing ExecutorService 'applicationTaskExecutor'
2021-10-11 11:41:36.712  INFO 30073 --- [    Test worker] o.s.b.a.w.s.WelcomePageHandlerMapping    : Adding welcome page template: index
2021-10-11 11:41:36.839  INFO 30073 --- [    Test worker] .s.s.UserDetailsServiceAutoConfiguration : 

Using generated security password: 5c08c46f-21f1-4115-ac07-baa31eef7530

2021-10-11 11:41:36.919  INFO 30073 --- [    Test worker] o.s.s.web.DefaultSecurityFilterChain     : Creating filter chain: any request, [org.springframework.security.web.context.request.async.WebAsyncManagerIntegrationFilter@686c44a6, org.springframework.security.web.context.SecurityContextPersistenceFilter@571d95f7, org.springframework.security.web.header.HeaderWriterFilter@7324d58b, org.springframework.security.web.csrf.CsrfFilter@282e1323, org.springframework.security.web.authentication.logout.LogoutFilter@7c684d2d, org.springframework.security.web.authentication.UsernamePasswordAuthenticationFilter@7a766d6b, org.springframework.security.web.authentication.ui.DefaultLoginPageGeneratingFilter@7a76f4fd, org.springframework.security.web.authentication.ui.DefaultLogoutPageGeneratingFilter@636cdbd, org.springframework.security.web.authentication.www.BasicAuthenticationFilter@219f32d5, org.springframework.security.web.savedrequest.RequestCacheAwareFilter@5faed1d8, org.springframework.security.web.servletapi.SecurityContextHolderAwareRequestFilter@af3cf2b, org.springframework.security.web.authentication.AnonymousAuthenticationFilter@5ee74e34, org.springframework.security.web.session.SessionManagementFilter@2bcb77c7, org.springframework.security.web.access.ExceptionTranslationFilter@1dd2ad29, org.springframework.security.web.access.intercept.FilterSecurityInterceptor@6f6de950]
2021-10-11 11:41:36.928  INFO 30073 --- [    Test worker] o.s.b.t.m.w.SpringBootMockServletContext : Initializing Spring TestDispatcherServlet ''
2021-10-11 11:41:36.928  INFO 30073 --- [    Test worker] o.s.t.web.servlet.TestDispatcherServlet  : Initializing Servlet ''
2021-10-11 11:41:36.936  INFO 30073 --- [    Test worker] o.s.t.web.servlet.TestDispatcherServlet  : Completed initialization in 7 ms
2021-10-11 11:41:36.954  INFO 30073 --- [    Test worker] c.j.book.springboot.HelloControllerTest  : Started HelloControllerTest in 0.583 seconds (JVM running for 7.943)
]]></system-out>
  <system-err><![CDATA[]]></system-err>
</testsuite>
